<?xml version="1.0" encoding="UTF-8"?>
<!-- Generated by org.testng.reporters.JUnitXMLReporter -->
<testsuite ignored="15" hostname="DESKTOP-4K8BJUH" failures="0" tests="0" time="0.0" errors="0" timestamp="2024-09-24T11:06:47 IST">
  <testcase classname="InterviewQuestions.practise" name="arrayString" time="0.0">
    <ignored/>
  </testcase> <!-- arrayString -->
  <testcase classname="InterviewQuestions.practise" name="Stringcounts" time="0.0">
    <ignored/>
  </testcase> <!-- Stringcounts -->
  <testcase classname="InterviewQuestions.practise" name="arrayExplore1" time="0.0">
    <ignored/>
  </testcase> <!-- arrayExplore1 -->
  <testcase classname="InterviewQuestions.practise" name="array" time="0.0">
    <ignored/>
  </testcase> <!-- array -->
  <testcase classname="InterviewQuestions.practise" name="printDuplicatecharacterinString" time="0.0">
    <ignored/>
  </testcase> <!-- printDuplicatecharacterinString -->
  <testcase classname="InterviewQuestions.practise" name="arrayExplore" time="0.0">
    <ignored/>
  </testcase> <!-- arrayExplore -->
  <testcase classname="InterviewQuestions.practise" name="reversewordString" time="0.0">
    <ignored/>
  </testcase> <!-- reversewordString -->
  <testcase classname="InterviewQuestions.practise" name="duplicateElementinList" time="0.0">
    <ignored/>
  </testcase> <!-- duplicateElementinList -->
  <testcase classname="InterviewQuestions.practise" name="arrayString3" time="0.0">
    <ignored/>
  </testcase> <!-- arrayString3 -->
  <testcase classname="InterviewQuestions.practise" name="arrayString2" time="0.0">
    <ignored/>
  </testcase> <!-- arrayString2 -->
  <testcase classname="InterviewQuestions.practise" name="reverse" time="0.0">
    <ignored/>
  </testcase> <!-- reverse -->
  <testcase classname="InterviewQuestions.practise" name="splitString" time="0.0">
    <ignored/>
  </testcase> <!-- splitString -->
  <testcase classname="InterviewQuestions.practise" name="maxminString" time="0.0">
    <ignored/>
  </testcase> <!-- maxminString -->
  <testcase classname="InterviewQuestions.practise" name="maxmin" time="0.0">
    <ignored/>
  </testcase> <!-- maxmin -->
  <testcase classname="InterviewQuestions.practise" name="emailChecking" time="0.0">
    <ignored/>
  </testcase> <!-- emailChecking -->
</testsuite>
