<?xml version="1.0" encoding="UTF-8"?>
<!-- Generated by org.testng.reporters.JUnitXMLReporter -->
<testsuite ignored="1" hostname="DESKTOP-4K8BJUH" failures="0" tests="1" name="Default test" time="3.079" errors="0" timestamp="2024-10-19T23:54:19 IST">
  <testcase classname="RestAssuredPackage.learning1" name="postUserRegister" time="3.04"/>
  <testcase classname="RestAssuredPackage.learning1" name="getBookDetails" time="0.0">
    <ignored/>
  </testcase> <!-- getBookDetails -->
</testsuite> <!-- Default test -->
