<?xml version="1.0" encoding="UTF-8"?>
<!-- Generated by org.testng.reporters.JUnitXMLReporter -->
<testsuite ignored="1" hostname="DESKTOP-4K8BJUH" failures="0" tests="12" name="Regression" time="0.117" errors="0" timestamp="2024-09-23T15:05:59 IST">
  <testcase classname="test.test1$test2" name="demo4" time="0.011"/>
  <testcase classname="test.test1" name="demo3" time="0.003"/>
  <testcase classname="test.test1" name="demo5" time="0.004"/>
  <testcase classname="test.test1" name="demo5" time="0.001"/>
  <testcase classname="test.test1" name="demo5" time="0.002"/>
  <testcase classname="test.test2" name="Airside" time="0.002"/>
  <testcase classname="test.test2" name="Bussiness" time="0.001"/>
  <testcase classname="test.test2" name="SeatType" time="0.0"/>
  <testcase classname="test.test2" name="WindowType" time="0.001"/>
  <testcase classname="test.test2" name="ecomomy" time="0.002"/>
  <testcase classname="test.test2" name="ticketbooking" time="0.007"/>
  <testcase classname="test.test2" name="SeatPreference" time="0.001"/>
  <testcase classname="test.test2" name="wheel" time="0.0">
    <ignored/>
  </testcase> <!-- wheel -->
</testsuite> <!-- Regression -->
