<?xml version="1.0" encoding="UTF-8"?>
<testng-results ignored="1" total="2" passed="1" failed="0" skipped="0">
  <reporter-output>
  </reporter-output>
  <suite started-at="2024-10-19T23:54:15 IST" name="Default suite" finished-at="2024-10-19T23:54:18 IST" duration-ms="3079">
    <groups>
    </groups>
    <test started-at="2024-10-19T23:54:15 IST" name="Default test" finished-at="2024-10-19T23:54:18 IST" duration-ms="3079">
      <class name="RestAssuredPackage.learning1">
        <test-method signature="postUserRegister()[pri:0, instance:RestAssuredPackage.learning1@2ef3eef9]" started-at="2024-10-19T23:54:15 IST" name="postUserRegister" finished-at="2024-10-19T23:54:18 IST" duration-ms="3040" status="PASS">
          <reporter-output>
          </reporter-output>
        </test-method> <!-- postUserRegister -->
      </class> <!-- RestAssuredPackage.learning1 -->
    </test> <!-- Default test -->
  </suite> <!-- Default suite -->
</testng-results>
